<?xml version="1.0" encoding="UTF-8"?>
<!-- Generated by org.testng.reporters.JUnitXMLReporter -->
<testsuite ignored="0" hostname="LAPTOP-LURRNF8O" failures="0" tests="2" name="Functional Test" time="10.714" errors="0" timestamp="2022-11-14T16:56:45 IST">
  <testcase classname="Com.ProjectName.qa.Test.RegistrtionTest" name="FacebookregistrationPageTest_Positive" time="2.92"/>
  <testcase classname="Com.ProjectName.qa.Test.LoginPageTest" name="FacebookLoginPageTest" time="0.699"/>
</testsuite> <!-- Functional Test -->
